<?xml version="1.0" encoding="UTF-8"?>
<!-- Generated by org.testng.reporters.JUnitReportReporter -->
<testsuite hostname="Tyss-4F-Wacom" name="scripts.TestScripts" tests="1" failures="0" timestamp="1 Dec 2018 03:32:00 GMT" time="33.731" errors="0">
  <testcase name="testSortListBox" time="33.731" classname="scripts.TestScripts"/>
</testsuite> <!-- scripts.TestScripts -->
